2013-09-24 15:38:14
Traceback (most recent call last):
  File "./sublimesvn/threads.py", line 23, in run_with_except_hook
  File "./sublimesvn/listeners.py", line 31, in run
  File "./sublimesvn/proc.py", line 80, in get_wc_root
  File "./sublimesvn/proc.py", line 181, in find_wc_root
ProcessError: svn: E155021: This client is too old to work with the working copy at
'C:\Users\bruno.alves\Documents\Projetos\Hyatt\[Dev] New Home Page' (format 31).
You need to get a newer Subversion client. For more details, see
  http://subversion.apache.org/faq.html#working-copy-format-change
2013-09-24 15:38:19
Traceback (most recent call last):
  File "./sublimesvn/threads.py", line 23, in run_with_except_hook
  File "./sublimesvn/listeners.py", line 31, in run
  File "./sublimesvn/proc.py", line 80, in get_wc_root
  File "./sublimesvn/proc.py", line 181, in find_wc_root
ProcessError: svn: E155021: This client is too old to work with the working copy at
'C:\Users\bruno.alves\Documents\Projetos\Hyatt\[Dev] New Home Page' (format 31).
You need to get a newer Subversion client. For more details, see
  http://subversion.apache.org/faq.html#working-copy-format-change
